<?xml version="1.0" encoding="UTF-8"?>
<testng-results ignored="0" total="1" passed="1" failed="0" skipped="0">
  <reporter-output>
  </reporter-output>
  <suite started-at="2023-12-26T23:51:51 BDT" name="Suite" finished-at="2023-12-26T23:52:15 BDT" duration-ms="24561">
    <groups>
    </groups>
    <test started-at="2023-12-26T23:51:51 BDT" name="Test" finished-at="2023-12-26T23:52:15 BDT" duration-ms="24561">
      <class name="LoginTest">
        <test-method signature="loginTest()[pri:0, instance:LoginTest@b9b00e0]" started-at="2023-12-26T23:51:51 BDT" name="loginTest" finished-at="2023-12-26T23:52:15 BDT" duration-ms="24518" status="PASS">
          <reporter-output>
          </reporter-output>
        </test-method> <!-- loginTest -->
      </class> <!-- LoginTest -->
    </test> <!-- Test -->
  </suite> <!-- Suite -->
</testng-results>
