<?xml version="1.0" encoding="UTF-8"?>
<testng-results ignored="0" total="1" passed="1" failed="0" skipped="0">
  <reporter-output>
  </reporter-output>
  <suite started-at="2023-12-25T02:27:49 BDT" name="Default suite" finished-at="2023-12-25T02:27:58 BDT" duration-ms="8851">
    <groups>
    </groups>
    <test started-at="2023-12-25T02:27:49 BDT" name="Default test" finished-at="2023-12-25T02:27:58 BDT" duration-ms="8851">
      <class name="LoginTest">
        <test-method signature="loginTest()[pri:0, instance:LoginTest@b9b00e0]" started-at="2023-12-25T02:27:49 BDT" name="loginTest" finished-at="2023-12-25T02:27:58 BDT" duration-ms="8803" status="PASS">
          <reporter-output>
          </reporter-output>
        </test-method> <!-- loginTest -->
      </class> <!-- LoginTest -->
    </test> <!-- Default test -->
  </suite> <!-- Default suite -->
</testng-results>
